[2025-11-26T11:22:03.880Z] === NEW SEARCH REQUEST === 
[2025-11-26T11:22:03.882Z] Request params: {"jobTitle":"Software Engineer","location":"London"}
[2025-11-26T11:22:03.882Z] ⚠️ No results. Falling back to generic query. 
[2025-11-26T11:22:03.882Z] 🔍 Querying Perplexity with: "Software Engineer jobs"
[2025-11-26T11:22:10.653Z] ✅ Perplexity Raw Response: "{\n  \"count\": 10,\n  \"jobs\": [\n    {\n      \"title\": \"Senior Software Engineer\",\n      \"company\": \"Confidential (Cloud • Information Technology • Security • Software • Cybersecurity)\",\n      \"location\": ..."
[2025-11-26T11:22:10.654Z] 🔎 Generic Query Result: {"count":10}
[2025-11-26T11:22:10.654Z] ✅ Final Response: {"count":10,"jobs":10}
[2025-11-26T15:49:52.337Z] === NEW SEARCH REQUEST === 
[2025-11-26T15:49:52.339Z] Request params: {"jobTitle":"Business, Finance & Operations","intelligentQuery":null,"location":"United Kingdom"}
[2025-11-26T15:49:52.339Z] ⚠️ No results. Falling back to generic query. 
[2025-11-26T15:49:52.339Z] 🔍 Querying Perplexity with: "Business, Finance & Operations jobs"
[2025-11-26T15:49:55.491Z] ✅ Perplexity Raw Response: "{\n  \"count\": 0,\n  \"jobs\": []\n}..."
[2025-11-26T15:49:55.500Z] 🔎 Generic Query Result: {"count":0}
[2025-11-26T15:49:55.501Z] ✅ Final Response: {"count":0,"jobs":0}
[2025-11-26T15:53:53.887Z] === NEW SEARCH REQUEST === 
[2025-11-26T15:53:53.888Z] Request params: {"jobTitle":"Business Operations Analyst","intelligentQuery":"Junior Business Operations Analyst roles London startup tech companies SaaS fintech proptech requiring entrepreneurial mindset commercial acumen stakeholder management project coordination business development experience recent graduate economics background","location":"United Kingdom"}
[2025-11-26T15:53:53.888Z] 🤖 Attempting AI Query 
[2025-11-26T15:53:53.888Z] 🔍 Querying Perplexity with: "Junior Business Operations Analyst roles London startup tech companies SaaS fintech proptech requiring entrepreneurial mindset commercial acumen stakeholder management project coordination business development experience recent graduate economics background"
[2025-11-26T15:54:02.508Z] ✅ Perplexity Raw Response: "{\n  \"count\": 3,\n  \"jobs\": [\n    {\n      \"title\": \"Junior Analyst (Fintech/Insurtech)\",\n      \"company\": \"Confidential Financial Services Company\",\n      \"location\": \"London, UK\",\n      \"url\": \"https:/..."
[2025-11-26T15:54:02.509Z] 🤖 AI Query Result: {"count":3}
[2025-11-26T15:54:02.509Z] ✅ Final Response: {"count":3,"jobs":3}
[2025-11-26T15:55:18.747Z] === NEW SEARCH REQUEST === 
[2025-11-26T15:55:18.747Z] Request params: {"jobTitle":"Product Strategy Analyst","intelligentQuery":"junior product strategy analyst roles London 2024 2025 startup tech experience economics graduate business development commercial strategy entry level associate consultant B2B SaaS fintech proptech career change transition","location":"United Kingdom"}
[2025-11-26T15:55:18.747Z] 🤖 Attempting AI Query 
[2025-11-26T15:55:18.747Z] 🔍 Querying Perplexity with: "junior product strategy analyst roles London 2024 2025 startup tech experience economics graduate business development commercial strategy entry level associate consultant B2B SaaS fintech proptech career change transition"
[2025-11-26T15:55:27.806Z] ✅ Perplexity Raw Response: "{\n  \"count\": 8,\n  \"jobs\": [\n    {\n      \"title\": \"Junior Product Analyst\",\n      \"company\": \"Just Eat\",\n      \"location\": \"London, United Kingdom\",\n      \"url\": \"https://www.brightnetwork.co.uk/gradua..."
[2025-11-26T15:55:27.808Z] 🤖 AI Query Result: {"count":8}
[2025-11-26T15:55:27.808Z] ✅ Final Response: {"count":8,"jobs":8}
[2025-11-26T15:55:57.243Z] === NEW SEARCH REQUEST === 
[2025-11-26T15:55:57.243Z] Request params: {"jobTitle":"Strategy Analyst","intelligentQuery":"Junior Strategy Analyst OR Associate Strategy Analyst roles London technology consulting startups SaaS fintech proptech insurtech entry level graduate economics business development commercial strategy client-facing analytical","location":"United Kingdom"}
[2025-11-26T15:55:57.243Z] 🤖 Attempting AI Query 
[2025-11-26T15:55:57.243Z] 🔍 Querying Perplexity with: "Junior Strategy Analyst OR Associate Strategy Analyst roles London technology consulting startups SaaS fintech proptech insurtech entry level graduate economics business development commercial strategy client-facing analytical"
[2025-11-26T15:56:06.244Z] ✅ Perplexity Raw Response: "{\n  \"count\": 10,\n  \"jobs\": [\n    {\n      \"title\": \"Junior Strategy Analyst\",\n      \"company\": \"Verisure\",\n      \"location\": \"London, United Kingdom\",\n      \"url\": \"https://builtin.com/job/junior-strat..."
[2025-11-26T15:56:06.245Z] 🤖 AI Query Result: {"count":10}
[2025-11-26T15:56:06.245Z] ✅ Final Response: {"count":10,"jobs":10}
[2025-11-26T15:56:57.272Z] === NEW SEARCH REQUEST === 
[2025-11-26T15:56:57.275Z] Request params: {"jobTitle":"Business Operations Associate","intelligentQuery":"Business Operations Associate London tech startup SaaS proptech junior mid-level economics graduate sales business development project management team leadership venture creation consultant 2024 2025","location":"United Kingdom"}
[2025-11-26T15:56:57.275Z] 🤖 Attempting AI Query 
[2025-11-26T15:56:57.275Z] 🔍 Querying Perplexity with: "Business Operations Associate London tech startup SaaS proptech junior mid-level economics graduate sales business development project management team leadership venture creation consultant 2024 2025"
[2025-11-26T15:57:03.226Z] ✅ Perplexity Raw Response: "{\n  \"count\": 3,\n  \"jobs\": [\n    {\n      \"title\": \"Business Operations Associate\",\n      \"company\": \"Hyperlayer\",\n      \"location\": \"London, United Kingdom\",\n      \"url\": \"https://revpath.dealhub.io/jo..."
[2025-11-26T15:57:03.227Z] 🤖 AI Query Result: {"count":3}
[2025-11-26T15:57:03.227Z] ✅ Final Response: {"count":3,"jobs":3}
[2025-11-26T15:58:11.340Z] === NEW SEARCH REQUEST === 
[2025-11-26T15:58:11.341Z] Request params: {"jobTitle":"Strategy Associate","intelligentQuery":"Strategy Associate OR Strategic Analyst roles London entry-level junior consultant startup experience tech SaaS fintech proptech business development economics graduate 2024 2025 management consulting strategy consulting commercial strategy","location":"United Kingdom"}
[2025-11-26T15:58:11.341Z] 🤖 Attempting AI Query 
[2025-11-26T15:58:11.341Z] 🔍 Querying Perplexity with: "Strategy Associate OR Strategic Analyst roles London entry-level junior consultant startup experience tech SaaS fintech proptech business development economics graduate 2024 2025 management consulting strategy consulting commercial strategy"
[2025-11-26T15:58:21.891Z] ✅ Perplexity Raw Response: "{\n  \"count\": 11,\n  \"jobs\": [\n    {\n      \"title\": \"Graduate Business Strategy Associate\",\n      \"company\": \"Confidential\",\n      \"location\": \"London, UK\",\n      \"url\": \"https://jobs.fox4kc.com/jobs/gr..."
[2025-11-26T15:58:21.894Z] 🤖 AI Query Result: {"count":11}
[2025-11-26T15:58:21.895Z] ✅ Final Response: {"count":11,"jobs":11}
[2025-11-26T16:03:42.100Z] === NEW SEARCH REQUEST === 
[2025-11-26T16:03:42.101Z] Request params: {"jobTitle":"Business Operations Associate","intelligentQuery":"Business Operations Associate London tech startup SaaS proptech junior mid-level economics graduate sales business development project management team leadership venture creation consultant 2024 2025","location":"United Kingdom"}
[2025-11-26T16:03:42.101Z] 🤖 Attempting AI Query 
[2025-11-26T16:03:42.101Z] 🔍 Querying Perplexity with: "Business Operations Associate London tech startup SaaS proptech junior mid-level economics graduate sales business development project management team leadership venture creation consultant 2024 2025"
[2025-11-26T16:03:46.498Z] === NEW SEARCH REQUEST === 
[2025-11-26T16:03:46.498Z] Request params: {"jobTitle":"Business Operations Analyst","intelligentQuery":"Junior Business Operations Analyst roles London startup tech companies SaaS fintech proptech requiring entrepreneurial mindset commercial acumen stakeholder management project coordination business development experience recent graduate economics background","location":"United Kingdom"}
[2025-11-26T16:03:46.498Z] 🤖 Attempting AI Query 
[2025-11-26T16:03:46.498Z] 🔍 Querying Perplexity with: "Junior Business Operations Analyst roles London startup tech companies SaaS fintech proptech requiring entrepreneurial mindset commercial acumen stakeholder management project coordination business development experience recent graduate economics background"
[2025-11-26T16:03:48.584Z] ✅ Perplexity Raw Response: "{\n  \"count\": 4,\n  \"jobs\": [\n    {\n      \"title\": \"Business Operations Associate\",\n      \"company\": \"Hyperlayer\",\n      \"location\": \"London, United Kingdom\",\n      \"url\": \"https://revpath.dealhub.io/jo..."
[2025-11-26T16:03:48.585Z] 🤖 AI Query Result: {"count":4}
[2025-11-26T16:03:48.585Z] ✅ Final Response: {"count":4,"jobs":4}
[2025-11-26T16:03:52.372Z] === NEW SEARCH REQUEST === 
[2025-11-26T16:03:52.372Z] Request params: {"jobTitle":"Business, Finance & Operations","intelligentQuery":"Business development analyst operations consultant roles London tech startups SaaS fintech junior mid-level economics graduate revenue operations commercial strategy analyst venture capital growth stage companies 1-3 years experience","location":"United Kingdom"}
[2025-11-26T16:03:52.372Z] 🤖 Attempting AI Query 
[2025-11-26T16:03:52.372Z] 🔍 Querying Perplexity with: "Business development analyst operations consultant roles London tech startups SaaS fintech junior mid-level economics graduate revenue operations commercial strategy analyst venture capital growth stage companies 1-3 years experience"
[2025-11-26T16:03:54.468Z] ✅ Perplexity Raw Response: "{\n  \"count\": 7,\n  \"jobs\": [\n    {\n      \"title\": \"Junior Analyst (Fintech/Insurtech)\",\n      \"company\": \"Confidential Financial Services Company\",\n      \"location\": \"London, UK\",\n      \"url\": \"https:/..."
[2025-11-26T16:03:54.469Z] 🤖 AI Query Result: {"count":7}
[2025-11-26T16:03:54.469Z] ✅ Final Response: {"count":7,"jobs":7}
[2025-11-26T16:04:00.112Z] ✅ Perplexity Raw Response: "{\n  \"count\": 7,\n  \"jobs\": [\n    {\n      \"title\": \"Graduate Technical Business Analyst\",\n      \"company\": \"Insurance Software Specialist (undisclosed)\",\n      \"location\": \"London, UK\",\n      \"url\": \"ht..."
[2025-11-26T16:04:00.113Z] 🤖 AI Query Result: {"count":7}
[2025-11-26T16:04:00.113Z] ✅ Final Response: {"count":7,"jobs":7}
[2025-11-26T16:04:46.424Z] === NEW SEARCH REQUEST === 
[2025-11-26T16:04:46.426Z] Request params: {"jobTitle":"Technology & Digital","intelligentQuery":"Technology sales business development consultant roles London junior mid-level B2B SaaS fintech proptech startup experience economics graduate 2024 2025","location":"United Kingdom"}
[2025-11-26T16:04:46.426Z] 🤖 Attempting AI Query 
[2025-11-26T16:04:46.426Z] 🔍 Querying Perplexity with: "Technology sales business development consultant roles London junior mid-level B2B SaaS fintech proptech startup experience economics graduate 2024 2025"
[2025-11-26T16:04:59.451Z] ✅ Perplexity Raw Response: "{\n  \"count\": 12,\n  \"jobs\": [\n    {\n      \"title\": \"Graduate Sales Role - Business Development Representative\",\n      \"company\": \"Leading Tech Employer\",\n      \"location\": \"London, UK\",\n      \"url\": \"h..."
[2025-11-26T16:04:59.454Z] 🤖 AI Query Result: {"count":12}
[2025-11-26T16:04:59.454Z] ✅ Final Response: {"count":12,"jobs":12}
[2025-11-26T16:26:14.407Z] === NEW SEARCH REQUEST === 
[2025-11-26T16:26:14.416Z] Request params: {"jobTitle":"Business Operations Analyst","intelligentQuery":"Junior Business Operations Analyst roles London startup tech companies SaaS fintech proptech requiring entrepreneurial mindset commercial acumen stakeholder management project coordination business development experience recent graduate economics background","location":"United Kingdom"}
[2025-11-26T16:26:14.416Z] 🤖 Attempting AI Query 
[2025-11-26T16:26:14.416Z] 🔍 Querying Perplexity with: "Junior Business Operations Analyst roles London startup tech companies SaaS fintech proptech requiring entrepreneurial mindset commercial acumen stakeholder management project coordination business development experience recent graduate economics background"
[2025-11-26T16:26:19.923Z] ✅ Perplexity Raw Response: "{\n  \"count\": 1,\n  \"jobs\": [\n    {\n      \"title\": \"Business Operations Analyst\",\n      \"company\": \"Wollit\",\n      \"location\": \"London, UK\",\n      \"url\": \"https://startup.jobs/business-operations-analys..."
[2025-11-26T16:26:19.924Z] 🤖 AI Query Result: {"count":1}
[2025-11-26T16:26:19.924Z] ✅ Final Response: {"count":1,"jobs":1}
[2025-11-26T16:26:27.679Z] === NEW SEARCH REQUEST === 
[2025-11-26T16:26:27.679Z] Request params: {"jobTitle":"Product Strategy Analyst","intelligentQuery":"junior product strategy analyst roles London 2024 2025 startup tech experience economics graduate business development commercial strategy entry level associate consultant B2B SaaS fintech proptech career change transition","location":"United Kingdom"}
[2025-11-26T16:26:27.680Z] 🤖 Attempting AI Query 
[2025-11-26T16:26:27.680Z] 🔍 Querying Perplexity with: "junior product strategy analyst roles London 2024 2025 startup tech experience economics graduate business development commercial strategy entry level associate consultant B2B SaaS fintech proptech career change transition"
[2025-11-26T16:26:31.230Z] ✅ Perplexity Raw Response: "{\n  \"count\": 0,\n  \"jobs\": []\n}..."
[2025-11-26T16:26:31.231Z] 🤖 AI Query Result: {"count":0}
[2025-11-26T16:26:31.231Z] ⚠️ No results. Falling back to generic query. 
[2025-11-26T16:26:31.231Z] 🔍 Querying Perplexity with: "Product Strategy Analyst jobs"
[2025-11-26T16:26:38.890Z] ✅ Perplexity Raw Response: "{\n  \"count\": 5,\n  \"jobs\": [\n    {\n      \"title\": \"Product Strategy Analyst\",\n      \"company\": \"OVO-View Team\",\n      \"location\": \"Bristol or London, United Kingdom\",\n      \"url\": \"https://www.jobsite...."
[2025-11-26T16:26:38.893Z] 🔎 Generic Query Result: {"count":5}
[2025-11-26T16:26:38.895Z] ✅ Final Response: {"count":5,"jobs":5}
[2025-11-26T16:26:52.647Z] === NEW SEARCH REQUEST === 
[2025-11-26T16:26:52.648Z] Request params: {"jobTitle":"Business, Finance & Operations","intelligentQuery":"Business development analyst operations consultant roles London tech startups SaaS fintech junior mid-level economics graduate revenue operations commercial strategy analyst venture capital growth stage companies 1-3 years experience","location":"United Kingdom"}
[2025-11-26T16:26:52.648Z] 🤖 Attempting AI Query 
[2025-11-26T16:26:52.648Z] 🔍 Querying Perplexity with: "Business development analyst operations consultant roles London tech startups SaaS fintech junior mid-level economics graduate revenue operations commercial strategy analyst venture capital growth stage companies 1-3 years experience"
[2025-11-26T16:27:03.704Z] ✅ Perplexity Raw Response: "{\n  \"count\": 10,\n  \"jobs\": [\n    {\n      \"title\": \"FinTech Strategy and Business Development First Year Analyst\",\n      \"company\": \"Financial Technology Partners\",\n      \"location\": \"London, United Ki..."
[2025-11-26T16:27:03.705Z] 🤖 AI Query Result: {"count":10}
[2025-11-26T16:27:03.705Z] ✅ Final Response: {"count":10,"jobs":10}
[2025-11-26T16:28:24.053Z] === NEW SEARCH REQUEST === 
[2025-11-26T16:28:24.055Z] Request params: {"jobTitle":"Technology & Digital","intelligentQuery":"Technology sales business development consultant roles London junior mid-level B2B SaaS fintech proptech startup experience economics graduate 2024 2025","location":"United Kingdom"}
[2025-11-26T16:28:24.055Z] 🤖 Attempting AI Query 
[2025-11-26T16:28:24.055Z] 🔍 Querying Perplexity with: "Technology sales business development consultant roles London junior mid-level B2B SaaS fintech proptech startup experience economics graduate 2024 2025"
[2025-11-26T16:28:37.790Z] ✅ Perplexity Raw Response: "{\n  \"count\": 9,\n  \"jobs\": [\n    {\n      \"title\": \"Junior Business Development Manager - Enterprise\",\n      \"company\": \"Undisclosed\",\n      \"location\": \"London, UK\",\n      \"url\": \"https://uk.indeed.com..."
[2025-11-26T16:28:37.810Z] 🤖 AI Query Result: {"count":9}
[2025-11-26T16:28:37.810Z] ✅ Final Response: {"count":9,"jobs":9}
[2025-11-26T16:31:02.615Z] === NEW SEARCH REQUEST === 
[2025-11-26T16:31:02.616Z] Request params: {"jobTitle":"Business Operations Analyst","intelligentQuery":"Junior Business Operations Analyst roles London startup tech companies SaaS fintech proptech requiring entrepreneurial mindset commercial acumen stakeholder management project coordination business development experience recent graduate economics background","location":"United Kingdom"}
[2025-11-26T16:31:02.616Z] 🤖 Attempting AI Query 
[2025-11-26T16:31:02.617Z] 🔍 Querying Perplexity with: "Junior Business Operations Analyst roles London startup tech companies SaaS fintech proptech requiring entrepreneurial mindset commercial acumen stakeholder management project coordination business development experience recent graduate economics background"
[2025-11-26T16:31:09.330Z] ✅ Perplexity Raw Response: "{\n  \"count\": 8,\n  \"jobs\": [\n    {\n      \"title\": \"Business Operations Analyst\",\n      \"company\": \"Wollit\",\n      \"location\": \"London, United Kingdom\",\n      \"url\": \"https://startup.jobs/business-opera..."
[2025-11-26T16:31:09.331Z] 🤖 AI Query Result: {"count":8}
[2025-11-26T16:31:09.331Z] ✅ Final Response: {"count":8,"jobs":8}
[2025-11-26T16:32:56.821Z] === NEW SEARCH REQUEST === 
[2025-11-26T16:32:56.822Z] Request params: {"jobTitle":"Business, Finance & Operations","intelligentQuery":"Business development analyst operations consultant roles London tech startups SaaS fintech junior mid-level economics graduate revenue operations commercial strategy analyst venture capital growth stage companies 1-3 years experience","location":"United Kingdom"}
[2025-11-26T16:32:56.822Z] 🤖 Attempting AI Query 
[2025-11-26T16:32:56.822Z] 🔍 Querying Perplexity with: "Business development analyst operations consultant roles London tech startups SaaS fintech junior mid-level economics graduate revenue operations commercial strategy analyst venture capital growth stage companies 1-3 years experience"
[2025-11-26T16:33:02.337Z] === NEW SEARCH REQUEST === 
[2025-11-26T16:33:02.337Z] Request params: {"jobTitle":"Business Operations Associate","intelligentQuery":"Business Operations Associate London tech startup SaaS proptech junior mid-level economics graduate sales business development project management team leadership venture creation consultant 2024 2025","location":"United Kingdom"}
[2025-11-26T16:33:02.337Z] 🤖 Attempting AI Query 
[2025-11-26T16:33:02.337Z] 🔍 Querying Perplexity with: "Business Operations Associate London tech startup SaaS proptech junior mid-level economics graduate sales business development project management team leadership venture creation consultant 2024 2025"
[2025-11-26T16:33:08.535Z] ✅ Perplexity Raw Response: "{\n  \"count\": 4,\n  \"jobs\": [\n    {\n      \"title\": \"Business Operations Associate\",\n      \"company\": \"Hyperlayer\",\n      \"location\": \"London, United Kingdom\",\n      \"url\": \"https://revpath.dealhub.io/jo..."
[2025-11-26T16:33:08.536Z] 🤖 AI Query Result: {"count":4}
[2025-11-26T16:33:08.536Z] ✅ Final Response: {"count":4,"jobs":4}
[2025-11-26T16:33:10.939Z] ✅ Perplexity Raw Response: "{\n  \"count\": 10,\n  \"jobs\": [\n    {\n      \"title\": \"Business Development Analyst\",\n      \"company\": \"Indeed\",\n      \"location\": \"London, United Kingdom\",\n      \"url\": \"https://uk.indeed.com/q-business-..."
[2025-11-26T16:33:10.940Z] 🤖 AI Query Result: {"count":10}
[2025-11-26T16:33:10.940Z] ✅ Final Response: {"count":10,"jobs":10}
[2025-11-26T16:33:37.798Z] === NEW SEARCH REQUEST === 
[2025-11-26T16:33:37.799Z] Request params: {"jobTitle":"Strategy Associate","intelligentQuery":"Strategy Associate OR Strategic Analyst roles London entry-level junior consultant startup experience tech SaaS fintech proptech business development economics graduate 2024 2025 management consulting strategy consulting commercial strategy","location":"United Kingdom"}
[2025-11-26T16:33:37.799Z] 🤖 Attempting AI Query 
[2025-11-26T16:33:37.799Z] 🔍 Querying Perplexity with: "Strategy Associate OR Strategic Analyst roles London entry-level junior consultant startup experience tech SaaS fintech proptech business development economics graduate 2024 2025 management consulting strategy consulting commercial strategy"
[2025-11-26T16:33:50.262Z] ✅ Perplexity Raw Response: "{\n  \"count\": 20,\n  \"jobs\": [\n    {\n      \"title\": \"Strategy Analyst\",\n      \"company\": \"Nesta\",\n      \"location\": \"London, United Kingdom\",\n      \"url\": \"https://uk.indeed.com/viewjob?jk=6e5b9e7b9e7b9..."
[2025-11-26T16:33:50.399Z] 🤖 AI Query Result: {"count":20}
[2025-11-26T16:33:50.399Z] ✅ Final Response: {"count":20,"jobs":20}
[2025-11-26T16:45:23.931Z] === NEW SEARCH REQUEST === 
[2025-11-26T16:45:23.932Z] Request params: {"jobTitle":"Business Operations Analyst","intelligentQuery":"Junior Business Operations Analyst roles London startup tech companies SaaS fintech proptech requiring entrepreneurial mindset commercial acumen stakeholder management project coordination business development experience recent graduate economics background","location":"United Kingdom"}
[2025-11-26T16:45:23.932Z] 🤖 Attempting AI Query 
[2025-11-26T16:45:23.933Z] 🔍 Querying Perplexity with: "Junior Business Operations Analyst roles London startup tech companies SaaS fintech proptech requiring entrepreneurial mindset commercial acumen stakeholder management project coordination business development experience recent graduate economics background"
[2025-11-26T16:45:26.624Z] ✅ Perplexity Raw Response: "{\n  \"count\": 0,\n  \"jobs\": []\n}..."
[2025-11-26T16:45:26.625Z] 🤖 AI Query Result: {"count":0}
[2025-11-26T16:45:26.625Z] ⚠️ No results. Falling back to generic query. 
[2025-11-26T16:45:26.625Z] 🔍 Querying Perplexity with: "Business Operations Analyst jobs"
[2025-11-26T16:45:33.605Z] ✅ Perplexity Raw Response: "{\n  \"count\": 3,\n  \"jobs\": [\n    {\n      \"title\": \"Revenue Operations Analyst\",\n      \"company\": \"Robert Half\",\n      \"location\": \"Cambridge, United Kingdom\",\n      \"url\": \"https://www.jobsite.co.uk/jo..."
[2025-11-26T16:45:33.606Z] 🔎 Generic Query Result: {"count":3}
[2025-11-26T16:45:33.606Z] ✅ Final Response: {"count":3,"jobs":3}
[2025-11-26T16:47:05.867Z] === NEW SEARCH REQUEST === 
[2025-11-26T16:47:05.868Z] Request params: {"jobTitle":"Strategy Analyst","intelligentQuery":"Junior Strategy Analyst OR Associate Strategy Analyst roles London technology consulting startups SaaS fintech proptech insurtech entry level graduate economics business development commercial strategy client-facing analytical","location":"United Kingdom"}
[2025-11-26T16:47:05.868Z] 🤖 Attempting AI Query 
[2025-11-26T16:47:05.868Z] 🔍 Querying Perplexity with: "Junior Strategy Analyst OR Associate Strategy Analyst roles London technology consulting startups SaaS fintech proptech insurtech entry level graduate economics business development commercial strategy client-facing analytical"
[2025-11-26T16:47:09.440Z] ✅ Perplexity Raw Response: "```json\n{\n  \"count\": 1,\n  \"jobs\": [\n    {\n      \"title\": \"Junior Proposition Strategy Analyst 2025\",\n      \"company\": \"Royal London Group\",\n      \"location\": \"London, United Kingdom\",\n      \"url\": \"ht..."
[2025-11-26T16:47:09.441Z] 🤖 AI Query Result: {"count":1}
[2025-11-26T16:47:09.441Z] ✅ Final Response: {"count":1,"jobs":1}
[2025-11-26T16:50:04.000Z] === NEW SEARCH REQUEST === 
[2025-11-26T16:50:04.001Z] Request params: {"jobTitle":"Product Strategy Analyst","intelligentQuery":"junior product strategy analyst roles London 2024 2025 startup tech experience economics graduate business development commercial strategy entry level associate consultant B2B SaaS fintech proptech career change transition","location":"United Kingdom"}
[2025-11-26T16:50:04.002Z] 🤖 Attempting AI Query 
[2025-11-26T16:50:04.002Z] 🔍 Querying Perplexity with: "junior product strategy analyst roles London 2024 2025 startup tech experience economics graduate business development commercial strategy entry level associate consultant B2B SaaS fintech proptech career change transition"
[2025-11-26T16:50:09.414Z] ✅ Perplexity Raw Response: "```json\n{\n  \"count\": 0,\n  \"jobs\": []\n}\n```\n\nI cannot provide the requested job postings because the search results provided do not contain direct links to specific, active job postings that meet your ..."
[2025-11-26T16:50:09.416Z] ❌ AI Query Failed: "Unexpected token I in JSON at position 32"
[2025-11-26T16:50:09.416Z] ⚠️ No results. Falling back to generic query. 
[2025-11-26T16:50:09.416Z] 🔍 Querying Perplexity with: "Product Strategy Analyst jobs"
[2025-11-26T16:50:12.403Z] ✅ Perplexity Raw Response: "{\n  \"count\": 0,\n  \"jobs\": []\n}..."
[2025-11-26T16:50:12.405Z] 🔎 Generic Query Result: {"count":0}
[2025-11-26T16:50:12.406Z] ✅ Final Response: {"count":0,"jobs":0}
[2025-11-26T16:50:17.957Z] === NEW SEARCH REQUEST === 
[2025-11-26T16:50:17.957Z] Request params: {"jobTitle":"Business Operations Analyst","intelligentQuery":"Junior Business Operations Analyst roles London startup tech companies SaaS fintech proptech requiring entrepreneurial mindset commercial acumen stakeholder management project coordination business development experience recent graduate economics background","location":"United Kingdom"}
[2025-11-26T16:50:17.957Z] 🤖 Attempting AI Query 
[2025-11-26T16:50:17.958Z] 🔍 Querying Perplexity with: "Junior Business Operations Analyst roles London startup tech companies SaaS fintech proptech requiring entrepreneurial mindset commercial acumen stakeholder management project coordination business development experience recent graduate economics background"
[2025-11-26T16:50:19.952Z] ✅ Perplexity Raw Response: "{\n  \"count\": 0,\n  \"jobs\": []\n}..."
[2025-11-26T16:50:19.953Z] 🤖 AI Query Result: {"count":0}
[2025-11-26T16:50:19.953Z] ⚠️ No results. Falling back to generic query. 
[2025-11-26T16:50:19.953Z] 🔍 Querying Perplexity with: "Business Operations Analyst jobs"
[2025-11-26T16:50:28.684Z] ✅ Perplexity Raw Response: "{\n  \"count\": 3,\n  \"jobs\": [\n    {\n      \"title\": \"Operations Analyst\",\n      \"company\": \"Morgan Hunt UK Ltd\",\n      \"location\": \"Glasgow, United Kingdom\",\n      \"url\": \"https://findajob.dwp.gov.uk/det..."
[2025-11-26T16:50:28.686Z] 🔎 Generic Query Result: {"count":3}
[2025-11-26T16:50:28.686Z] ✅ Final Response: {"count":3,"jobs":3}
[2025-11-26T16:51:22.268Z] === NEW SEARCH REQUEST === 
[2025-11-26T16:51:22.269Z] Request params: {"jobTitle":"Strategy Analyst","intelligentQuery":"Junior Strategy Analyst OR Associate Strategy Analyst roles London technology consulting startups SaaS fintech proptech insurtech entry level graduate economics business development commercial strategy client-facing analytical","location":"United Kingdom"}
[2025-11-26T16:51:22.269Z] 🤖 Attempting AI Query 
[2025-11-26T16:51:22.269Z] 🔍 Querying Perplexity with: "Junior Strategy Analyst OR Associate Strategy Analyst roles London technology consulting startups SaaS fintech proptech insurtech entry level graduate economics business development commercial strategy client-facing analytical"
[2025-11-26T16:51:24.794Z] ✅ Perplexity Raw Response: "{\n  \"count\": 0,\n  \"jobs\": []\n}..."
[2025-11-26T16:51:24.794Z] 🤖 AI Query Result: {"count":0}
[2025-11-26T16:51:24.794Z] ⚠️ No results. Falling back to generic query. 
[2025-11-26T16:51:24.794Z] 🔍 Querying Perplexity with: "Strategy Analyst jobs"
[2025-11-26T16:51:31.594Z] ✅ Perplexity Raw Response: "{\n  \"count\": 4,\n  \"jobs\": [\n    {\n      \"title\": \"Strategy Analyst\",\n      \"company\": \"OVO Energy\",\n      \"location\": \"Bristol or London, United Kingdom\",\n      \"url\": \"https://www.jobsite.co.uk/job/s..."
[2025-11-26T16:51:31.596Z] 🔎 Generic Query Result: {"count":4}
[2025-11-26T16:51:31.596Z] ✅ Final Response: {"count":4,"jobs":4}
